[debug] [2021-02-19T12:19:20.931Z] ----------------------------------------------------------------------
[debug] [2021-02-19T12:19:20.938Z] Command:       /Users/emmanuelmuse/.nvm/versions/node/v14.15.5/bin/node /Users/emmanuelmuse/.nvm/versions/node/v14.15.5/bin/firebase init
[debug] [2021-02-19T12:19:20.940Z] CLI Version:   9.4.0
[debug] [2021-02-19T12:19:20.940Z] Platform:      darwin
[debug] [2021-02-19T12:19:20.940Z] Node Version:  v14.15.5
[debug] [2021-02-19T12:19:20.960Z] Time:          Fri Feb 19 2021 07:19:20 GMT-0500 (Eastern Standard Time)
[debug] [2021-02-19T12:19:20.960Z] ----------------------------------------------------------------------
[debug] [2021-02-19T12:19:20.961Z] 
[debug] [2021-02-19T12:19:20.974Z] > command requires scopes: ["email","openid","https://www.googleapis.com/auth/cloudplatformprojects.readonly","https://www.googleapis.com/auth/firebase","https://www.googleapis.com/auth/cloud-platform"]
[debug] [2021-02-19T12:19:20.975Z] > authorizing via signed-in user
[info] 
     ######## #### ########  ######## ########     ###     ######  ########
     ##        ##  ##     ## ##       ##     ##  ##   ##  ##       ##
     ######    ##  ########  ######   ########  #########  ######  ######
     ##        ##  ##    ##  ##       ##     ## ##     ##       ## ##
     ##       #### ##     ## ######## ########  ##     ##  ######  ########

You're about to initialize a Firebase project in this directory:

  /Users/emmanuelmuse/Desktop/Programming Projects/personal/personal portfolio website

[info] 
=== Project Setup
[info] 
[info] First, let's associate this project directory with a Firebase project.
[info] You can create multiple project aliases by running firebase use --add, 
[info] but for now we'll just set up a default project.
[info] 
[debug] [2021-02-19T12:21:17.325Z] >>> [apiv2][query] GET https://firebase.googleapis.com/v1beta1/projects pageSize=100
[debug] [2021-02-19T12:21:17.904Z] <<< [apiv2][status] GET https://firebase.googleapis.com/v1beta1/projects 200
[debug] [2021-02-19T12:21:17.904Z] <<< [apiv2][body] GET https://firebase.googleapis.com/v1beta1/projects [omitted]
[info] i  Using project my-portfolio-site-6351a (My Portfolio Site) 
[info] 
=== Database Setup
[info] i  database: ensuring required API firebasedatabase.googleapis.com is enabled... 
[debug] [2021-02-19T12:21:40.438Z] > refreshing access token with scopes: ["email","https://www.googleapis.com/auth/cloud-platform","https://www.googleapis.com/auth/cloudplatformprojects.readonly","https://www.googleapis.com/auth/firebase","openid"]
[debug] [2021-02-19T12:21:40.439Z] >>> HTTP REQUEST POST https://www.googleapis.com/oauth2/v3/token  
 <request body omitted>
[debug] [2021-02-19T12:21:40.654Z] <<< HTTP RESPONSE 200 {"pragma":"no-cache","expires":"Mon, 01 Jan 1990 00:00:00 GMT","date":"Fri, 19 Feb 2021 12:21:40 GMT","cache-control":"no-cache, no-store, max-age=0, must-revalidate","content-type":"application/json; charset=utf-8","vary":"X-Origin, Referer, Origin,Accept-Encoding","server":"scaffolding on HTTPServer2","x-xss-protection":"0","x-frame-options":"SAMEORIGIN","x-content-type-options":"nosniff","alt-svc":"h3-29=\":443\"; ma=2592000,h3-T051=\":443\"; ma=2592000,h3-Q050=\":443\"; ma=2592000,h3-Q046=\":443\"; ma=2592000,h3-Q043=\":443\"; ma=2592000,quic=\":443\"; ma=2592000; v=\"46,43\"","accept-ranges":"none","transfer-encoding":"chunked"}
[debug] [2021-02-19T12:21:40.678Z] >>> HTTP REQUEST GET https://serviceusage.googleapis.com/v1/projects/my-portfolio-site-6351a/services/firebasedatabase.googleapis.com  
 
[debug] [2021-02-19T12:21:41.195Z] <<< HTTP RESPONSE 200 {"content-type":"application/json; charset=UTF-8","vary":"X-Origin, Referer, Origin,Accept-Encoding","date":"Fri, 19 Feb 2021 12:21:41 GMT","server":"ESF","cache-control":"private","x-xss-protection":"0","x-frame-options":"SAMEORIGIN","x-content-type-options":"nosniff","alt-svc":"h3-29=\":443\"; ma=2592000,h3-T051=\":443\"; ma=2592000,h3-Q050=\":443\"; ma=2592000,h3-Q046=\":443\"; ma=2592000,h3-Q043=\":443\"; ma=2592000,quic=\":443\"; ma=2592000; v=\"46,43\"","accept-ranges":"none","transfer-encoding":"chunked"}
[warn] ⚠  database: missing required API firebasedatabase.googleapis.com. Enabling now... 
[debug] [2021-02-19T12:21:41.197Z] >>> HTTP REQUEST POST https://serviceusage.googleapis.com/v1/projects/my-portfolio-site-6351a/services/firebasedatabase.googleapis.com:enable  
 
[debug] [2021-02-19T12:21:42.337Z] <<< HTTP RESPONSE 200 {"content-type":"application/json; charset=UTF-8","vary":"X-Origin, Referer, Origin,Accept-Encoding","date":"Fri, 19 Feb 2021 12:21:42 GMT","server":"ESF","cache-control":"private","x-xss-protection":"0","x-frame-options":"SAMEORIGIN","x-content-type-options":"nosniff","alt-svc":"h3-29=\":443\"; ma=2592000,h3-T051=\":443\"; ma=2592000,h3-Q050=\":443\"; ma=2592000,h3-Q046=\":443\"; ma=2592000,h3-Q043=\":443\"; ma=2592000,quic=\":443\"; ma=2592000; v=\"46,43\"","accept-ranges":"none","transfer-encoding":"chunked"}
[debug] [2021-02-19T12:21:52.341Z] >>> HTTP REQUEST GET https://serviceusage.googleapis.com/v1/projects/my-portfolio-site-6351a/services/firebasedatabase.googleapis.com  
 
[debug] [2021-02-19T12:21:52.867Z] <<< HTTP RESPONSE 200 {"content-type":"application/json; charset=UTF-8","vary":"X-Origin, Referer, Origin,Accept-Encoding","date":"Fri, 19 Feb 2021 12:21:52 GMT","server":"ESF","cache-control":"private","x-xss-protection":"0","x-frame-options":"SAMEORIGIN","x-content-type-options":"nosniff","alt-svc":"h3-29=\":443\"; ma=2592000,h3-T051=\":443\"; ma=2592000,h3-Q050=\":443\"; ma=2592000,h3-Q046=\":443\"; ma=2592000,h3-Q043=\":443\"; ma=2592000,quic=\":443\"; ma=2592000; v=\"46,43\"","accept-ranges":"none","transfer-encoding":"chunked"}
[info] ✔  database: required API firebasedatabase.googleapis.com is enabled 
[info] 
[debug] [2021-02-19T12:21:52.869Z] > refreshing access token with scopes: []
[debug] [2021-02-19T12:21:52.869Z] >>> HTTP REQUEST POST https://www.googleapis.com/oauth2/v3/token  
 <request body omitted>
[debug] [2021-02-19T12:21:53.017Z] <<< HTTP RESPONSE 200 {"pragma":"no-cache","expires":"Mon, 01 Jan 1990 00:00:00 GMT","cache-control":"no-cache, no-store, max-age=0, must-revalidate","date":"Fri, 19 Feb 2021 12:21:52 GMT","content-type":"application/json; charset=utf-8","vary":"X-Origin, Referer, Origin,Accept-Encoding","server":"scaffolding on HTTPServer2","x-xss-protection":"0","x-frame-options":"SAMEORIGIN","x-content-type-options":"nosniff","alt-svc":"h3-29=\":443\"; ma=2592000,h3-T051=\":443\"; ma=2592000,h3-Q050=\":443\"; ma=2592000,h3-Q046=\":443\"; ma=2592000,h3-Q043=\":443\"; ma=2592000,quic=\":443\"; ma=2592000; v=\"46,43\"","accept-ranges":"none","transfer-encoding":"chunked"}
[debug] [2021-02-19T12:21:53.038Z] >>> [apiv2][query] GET https://firebase.googleapis.com/v1beta1/projects/my-portfolio-site-6351a [none]
[debug] [2021-02-19T12:21:53.280Z] <<< [apiv2][status] GET https://firebase.googleapis.com/v1beta1/projects/my-portfolio-site-6351a 200
[debug] [2021-02-19T12:21:53.281Z] <<< [apiv2][body] GET https://firebase.googleapis.com/v1beta1/projects/my-portfolio-site-6351a {"projectId":"my-portfolio-site-6351a","projectNumber":"783242278850","displayName":"My Portfolio Site","name":"projects/my-portfolio-site-6351a","resources":{"hostingSite":"my-portfolio-site-6351a"},"state":"ACTIVE"}
[info] 
[info] Firebase Realtime Database Security Rules allow you to define how your data should be
[info] structured and when your data can be read from and written to.
[info] 
[info] ✔  Default rules have been written to database.rules.json. 
[info] Future modifications to database.rules.json will update Realtime Database Security Rules when you run
[info] firebase deploy.
[info] 
=== Hosting Setup
[info] 
[info] Your public directory is the folder (relative to your project directory) that
[info] will contain Hosting assets to be uploaded with firebase deploy. If you
[info] have a build process for your assets, use your build's output directory.
[info] 
[info] ✔  Wrote public/404.html 
[debug] [2021-02-19T12:22:47.942Z] >>> [apiv2][query] GET https://www.gstatic.com/firebasejs/releases.json [none]
[debug] [2021-02-19T12:22:49.140Z] <<< [apiv2][status] GET https://www.gstatic.com/firebasejs/releases.json 200
[debug] [2021-02-19T12:22:49.141Z] <<< [apiv2][body] GET https://www.gstatic.com/firebasejs/releases.json {"current":{"version":"8.2.8","browserURL":"https://www.gstatic.com/firebasejs/8.2.8/firebase.js","packageURL":"https://www.gstatic.com/firebasejs/8.2.8/firebase.tgz"},"live":{"version":"8.2","browserURL":"https://www.gstatic.com/firebasejs/live/8.2/firebase.js","packageURL":"https://www.gstatic.com/firebasejs/live/8.2/firebase.tgz"},"components":{"analytics":"https://www.gstatic.com/firebasejs/8.2.8/firebase-analytics.js","app":"https://www.gstatic.com/firebasejs/8.2.8/firebase-app.js","auth":"https://www.gstatic.com/firebasejs/8.2.8/firebase-auth.js","database":"https://www.gstatic.com/firebasejs/8.2.8/firebase-database.js","firestore":"https://www.gstatic.com/firebasejs/8.2.8/firebase-firestore.js","functions":"https://www.gstatic.com/firebasejs/8.2.8/firebase-functions.js","installations":"https://www.gstatic.com/firebasejs/8.2.8/firebase-installations.js","messaging":"https://www.gstatic.com/firebasejs/8.2.8/firebase-messaging.js","storage":"https://www.gstatic.com/firebasejs/8.2.8/firebase-storage.js","performance":"https://www.gstatic.com/firebasejs/8.2.8/firebase-performance.js","remote-config":"https://www.gstatic.com/firebasejs/8.2.8/firebase-remote-config.js","firestore.memory":"https://www.gstatic.com/firebasejs/8.2.8/firebase-firestore.memory.js"}}
[info] ✔  Wrote public/index.html 
[info] 
[info] i  Didn't detect a .git folder. Assuming /Users/emmanuelmuse/Desktop/Programming Projects/personal/personal portfolio website is the project root. 
[info] i  Authorizing with GitHub to upload your service account to a GitHub repository's secrets store. 
[info] 
[info] Visit this URL on this device to log in:
[info] https://github.com/login/oauth/authorize?client_id=89cf50f02ac6aaed3484&state=71647922&redirect_uri=http%3A%2F%2Flocalhost%3A9005&scope=read%3Auser%20repo%20public_repo
[info] 
[info] Waiting for authentication...
